<?xml version="1.0" encoding="UTF-8"?>
<testng-results skipped="0" failed="0" ignored="0" total="1" passed="1">
  <reporter-output>
  </reporter-output>
  <suite name="Suite" duration-ms="15907" started-at="2021-08-12T14:49:37 EDT" finished-at="2021-08-12T14:49:53 EDT">
    <groups>
      <group name="cucumber">
        <method signature="AbstractTestNGCucumberTests.runScenario(io.cucumber.testng.PickleWrapper,io.cucumber.testng.FeatureWrapper)[pri:0, instance:com.runner.Runner@4bbfb90a]" name="runScenario" class="io.cucumber.testng.AbstractTestNGCucumberTests"/>
      </group> <!-- cucumber -->
    </groups>
    <test name="Test" duration-ms="15907" started-at="2021-08-12T14:49:37 EDT" finished-at="2021-08-12T14:49:53 EDT">
      <class name="com.runner.Runner">
        <test-method status="PASS" signature="setUpClass()[pri:0, instance:com.runner.Runner@4bbfb90a]" name="setUpClass" is-config="true" duration-ms="586" started-at="2021-08-12T14:49:37 EDT" finished-at="2021-08-12T14:49:38 EDT">
          <reporter-output>
          </reporter-output>
        </test-method> <!-- setUpClass -->
        <test-method status="PASS" signature="runScenario(io.cucumber.testng.PickleWrapper,io.cucumber.testng.FeatureWrapper)[pri:0, instance:com.runner.Runner@4bbfb90a]" name="runScenario" duration-ms="13820" started-at="2021-08-12T14:49:38 EDT" description="Runs Cucumber Scenarios" data-provider="scenarios" finished-at="2021-08-12T14:49:52 EDT">
          <params>
            <param index="0">
              <value>
                <![CDATA["As a zoopla user, login should be successfull with valid credential"]]>
              </value>
            </param>
            <param index="1">
              <value>
                <![CDATA["Optional[Login function for Zoopla]"]]>
              </value>
            </param>
          </params>
          <reporter-output>
          </reporter-output>
        </test-method> <!-- runScenario -->
        <test-method status="PASS" signature="tearDownClass()[pri:0, instance:com.runner.Runner@4bbfb90a]" name="tearDownClass" is-config="true" duration-ms="1458" started-at="2021-08-12T14:49:52 EDT" finished-at="2021-08-12T14:49:53 EDT">
          <reporter-output>
          </reporter-output>
        </test-method> <!-- tearDownClass -->
      </class> <!-- com.runner.Runner -->
    </test> <!-- Test -->
  </suite> <!-- Suite -->
</testng-results>
