<?xml version="1.0" encoding="UTF-8"?>
<testng-results ignored="0" total="1" passed="1" failed="0" skipped="0">
  <reporter-output>
  </reporter-output>
  <suite started-at="2021-09-08T23:39:19 EDT" name="Default suite" finished-at="2021-09-08T23:39:33 EDT" duration-ms="13971">
    <groups>
      <group name="cucumber">
        <method signature="AbstractTestNGCucumberTests.runScenario(io.cucumber.testng.PickleWrapper,io.cucumber.testng.FeatureWrapper)[pri:0, instance:com.runner.Runner@6da21078]" name="runScenario" class="io.cucumber.testng.AbstractTestNGCucumberTests"/>
      </group> <!-- cucumber -->
    </groups>
    <test started-at="2021-09-08T23:39:19 EDT" name="Default test" finished-at="2021-09-08T23:39:33 EDT" duration-ms="13971">
      <class name="com.runner.Runner">
        <test-method is-config="true" signature="setUpClass()[pri:0, instance:com.runner.Runner@6da21078]" started-at="2021-09-08T23:39:19 EDT" name="setUpClass" finished-at="2021-09-08T23:39:19 EDT" duration-ms="344" status="PASS">
          <reporter-output>
          </reporter-output>
        </test-method> <!-- setUpClass -->
        <test-method signature="runScenario(io.cucumber.testng.PickleWrapper,io.cucumber.testng.FeatureWrapper)[pri:0, instance:com.runner.Runner@6da21078]" started-at="2021-09-08T23:39:19 EDT" name="runScenario" description="Runs Cucumber Scenarios" data-provider="scenarios" finished-at="2021-09-08T23:39:31 EDT" duration-ms="11872" status="PASS">
          <params>
            <param index="0">
              <value>
                <![CDATA["As a zoopla user, login should be successfull with valid credential"]]>
              </value>
            </param>
            <param index="1">
              <value>
                <![CDATA["Optional[Login function for Zoopla]"]]>
              </value>
            </param>
          </params>
          <reporter-output>
          </reporter-output>
        </test-method> <!-- runScenario -->
        <test-method is-config="true" signature="tearDownClass()[pri:0, instance:com.runner.Runner@6da21078]" started-at="2021-09-08T23:39:31 EDT" name="tearDownClass" finished-at="2021-09-08T23:39:33 EDT" duration-ms="1727" status="PASS">
          <reporter-output>
          </reporter-output>
        </test-method> <!-- tearDownClass -->
      </class> <!-- com.runner.Runner -->
    </test> <!-- Default test -->
  </suite> <!-- Default suite -->
</testng-results>
