<?xml version="1.0" encoding="UTF-8"?>
<testng-results ignored="0" total="1" passed="1" failed="0" skipped="0">
  <reporter-output>
  </reporter-output>
  <suite started-at="2021-07-14T21:25:40 EDT" name="Suite" finished-at="2021-07-14T21:25:57 EDT" duration-ms="17063">
    <groups>
    </groups>
    <test started-at="2021-07-14T21:25:40 EDT" name="Test" finished-at="2021-07-14T21:25:57 EDT" duration-ms="17063">
      <class name="com.testing.TestExecution">
        <test-method is-config="true" signature="setup()[pri:0, instance:com.testing.TestExecution@5ace1ed4]" started-at="2021-07-14T21:25:40 EDT" name="setup" finished-at="2021-07-14T21:25:48 EDT" duration-ms="7537" status="PASS">
          <reporter-output>
          </reporter-output>
        </test-method> <!-- setup -->
        <test-method signature="login()[pri:0, instance:com.testing.TestExecution@5ace1ed4]" started-at="2021-07-14T21:25:48 EDT" name="login" finished-at="2021-07-14T21:25:56 EDT" duration-ms="8281" status="PASS">
          <reporter-output>
          </reporter-output>
        </test-method> <!-- login -->
        <test-method is-config="true" signature="teardown()[pri:0, instance:com.testing.TestExecution@5ace1ed4]" started-at="2021-07-14T21:25:56 EDT" name="teardown" finished-at="2021-07-14T21:25:57 EDT" duration-ms="988" status="PASS">
          <reporter-output>
          </reporter-output>
        </test-method> <!-- teardown -->
      </class> <!-- com.testing.TestExecution -->
    </test> <!-- Test -->
  </suite> <!-- Suite -->
</testng-results>
